                                                                                     QUERY PLAN                                                                        
              
-----------------------------------------------------------------------------------------------------------------------------------------------------------------------
--------------
 Limit (actual time=353.777..434.371 rows=100 loops=1)
   ->  Sort (actual time=353.775..434.364 rows=100 loops=1)
         Sort Key: (sum(store_sales.ss_ext_sales_price)) DESC, item.i_brand, item.i_brand_id, item.i_manufact_id, item.i_manufact
         Sort Method: top-N heapsort  Memory: 69kB
         ->  Finalize GroupAggregate (actual time=345.314..434.085 rows=900 loops=1)
               Group Key: item.i_brand, item.i_brand_id, item.i_manufact_id, item.i_manufact
               ->  Gather Merge (actual time=345.295..429.523 rows=15242 loops=1)
                     Workers Planned: 2
                     Workers Launched: 2
                     ->  Sort (actual time=327.829..328.017 rows=5081 loops=3)
                           Sort Key: item.i_brand, item.i_brand_id, item.i_manufact_id, item.i_manufact
                           Sort Method: quicksort  Memory: 1701kB
                           Worker 0:  Sort Method: quicksort  Memory: 763kB
                           Worker 1:  Sort Method: quicksort  Memory: 781kB
                           ->  Nested Loop (actual time=305.809..324.079 rows=5081 loops=3)
                                 Join Filter: (substr((customer_address.ca_zip)::text, 1, 5) <> substr((store.s_zip)::text, 1, 5))
                                 Rows Removed by Join Filter: 270
                                 ->  Nested Loop (actual time=305.798..319.121 rows=5413 loops=3)
                                       ->  Partial GroupAggregate (actual time=305.786..308.827 rows=5413 loops=3)
                                             Group Key: item.i_brand_id, item.i_brand, item.i_manufact_id, item.i_manufact, store_sales.ss_store_sk, customer.c_current
_addr_sk
                                             ->  Sort (actual time=305.774..306.089 rows=5413 loops=3)
                                                   Sort Key: item.i_brand_id, item.i_brand, item.i_manufact_id, item.i_manufact, store_sales.ss_store_sk, customer.c_cu
rrent_addr_sk
                                                   Sort Method: quicksort  Memory: 1588kB
                                                   Worker 0:  Sort Method: quicksort  Memory: 629kB
                                                   Worker 1:  Sort Method: quicksort  Memory: 644kB
                                                   ->  Nested Loop (actual time=3.681..300.908 rows=5413 loops=3)
                                                         ->  Parallel Hash Join (actual time=3.665..285.378 rows=5543 loops=3)
                                                               Hash Cond: (store_sales.ss_sold_date_sk = date_dim.d_date_sk)
                                                               ->  Nested Loop (actual time=0.173..274.262 rows=168268 loops=3)
                                                                     ->  Parallel Seq Scan on item (actual time=0.039..13.039 rows=606 loops=3)
                                                                           Filter: (i_manager_id = 13)
                                                                           Rows Removed by Filter: 33394
                                                                     ->  Bitmap Heap Scan on store_sales (actual time=0.035..0.399 rows=278 loops=1819)
                                                                           Recheck Cond: (ss_item_sk = item.i_item_sk)
                                                                           Heap Blocks: exact=264837
                                                                           ->  Bitmap Index Scan on store_sales_pkey (actual time=0.016..0.016 rows=278 loops=1819)
                                                                                 Index Cond: (ss_item_sk = item.i_item_sk)
                                                               ->  Parallel Hash (actual time=2.683..2.684 rows=10 loops=3)
                                                                     Buckets: 1024  Batches: 1  Memory Usage: 40kB
                                                                     ->  Parallel Seq Scan on date_dim (actual time=2.222..2.643 rows=10 loops=3)
                                                                           Filter: ((d_moy = 12) AND (d_year = 2000))
                                                                           Rows Removed by Filter: 24339
                                                         ->  Index Scan using customer_pkey on customer (actual time=0.003..0.003 rows=1 loops=16629)
                                                               Index Cond: (c_customer_sk = store_sales.ss_customer_sk)
                                       ->  Index Scan using customer_address_pkey on customer_address (actual time=0.002..0.002 rows=1 loops=16240)
                                             Index Cond: (ca_address_sk = customer.c_current_addr_sk)
                                 ->  Index Scan using store_pkey on store (actual time=0.000..0.000 rows=1 loops=16240)
                                       Index Cond: (s_store_sk = store_sales.ss_store_sk)
 Planning Time: 6.335 ms
 Execution Time: 434.605 ms
(50 rows)

