                                                                          QUERY PLAN                                                                          
--------------------------------------------------------------------------------------------------------------------------------------------------------------
 Limit (actual time=330.842..408.920 rows=100 loops=1)
   ->  Sort (actual time=330.840..408.914 rows=100 loops=1)
         Sort Key: (sum(store_sales.ss_ext_sales_price)) DESC, item.i_brand, item.i_brand_id, item.i_manufact_id, item.i_manufact
         Sort Method: top-N heapsort  Memory: 69kB
         ->  Finalize GroupAggregate (actual time=328.187..408.631 rows=900 loops=1)
               Group Key: item.i_brand, item.i_brand_id, item.i_manufact_id, item.i_manufact
               ->  Gather Merge (actual time=328.178..408.177 rows=901 loops=1)
                     Workers Planned: 2
                     Workers Launched: 2
                     ->  Partial GroupAggregate (actual time=322.201..323.242 rows=300 loops=3)
                           Group Key: item.i_brand, item.i_brand_id, item.i_manufact_id, item.i_manufact
                           ->  Sort (actual time=322.186..322.347 rows=5081 loops=3)
                                 Sort Key: item.i_brand, item.i_brand_id, item.i_manufact_id, item.i_manufact
                                 Sort Method: quicksort  Memory: 1247kB
                                 Worker 0:  Sort Method: quicksort  Memory: 564kB
                                 Worker 1:  Sort Method: quicksort  Memory: 598kB
                                 ->  Nested Loop (actual time=3.664..318.474 rows=5081 loops=3)
                                       Join Filter: (substr((customer_address.ca_zip)::text, 1, 5) <> substr((store.s_zip)::text, 1, 5))
                                       Rows Removed by Join Filter: 270
                                       ->  Nested Loop (actual time=3.632..303.695 rows=5351 loops=3)
                                             ->  Hash Join (actual time=3.615..287.913 rows=5412 loops=3)
                                                   Hash Cond: (store_sales.ss_store_sk = store.s_store_sk)
                                                   ->  Parallel Hash Join (actual time=3.502..286.940 rows=5543 loops=3)
                                                         Hash Cond: (store_sales.ss_sold_date_sk = date_dim.d_date_sk)
                                                         ->  Nested Loop (actual time=0.166..275.854 rows=168268 loops=3)
                                                               ->  Parallel Seq Scan on item (actual time=0.039..13.404 rows=606 loops=3)
                                                                     Filter: (i_manager_id = 13)
                                                                     Rows Removed by Filter: 33394
                                                               ->  Bitmap Heap Scan on store_sales (actual time=0.035..0.401 rows=278 loops=1819)
                                                                     Recheck Cond: (ss_item_sk = item.i_item_sk)
                                                                     Heap Blocks: exact=260632
                                                                     ->  Bitmap Index Scan on store_sales_pkey (actual time=0.016..0.016 rows=278 loops=1819)
                                                                           Index Cond: (ss_item_sk = item.i_item_sk)
                                                         ->  Parallel Hash (actual time=2.521..2.521 rows=10 loops=3)
                                                               Buckets: 1024  Batches: 1  Memory Usage: 40kB
                                                               ->  Parallel Seq Scan on date_dim (actual time=2.072..2.478 rows=10 loops=3)
                                                                     Filter: ((d_moy = 12) AND (d_year = 2000))
                                                                     Rows Removed by Filter: 24339
                                                   ->  Hash (actual time=0.086..0.087 rows=102 loops=3)
                                                         Buckets: 1024  Batches: 1  Memory Usage: 13kB
                                                         ->  Seq Scan on store (actual time=0.020..0.070 rows=102 loops=3)
                                             ->  Index Scan using customer_pkey on customer (actual time=0.003..0.003 rows=1 loops=16236)
                                                   Index Cond: (c_customer_sk = store_sales.ss_customer_sk)
                                       ->  Index Scan using customer_address_pkey on customer_address (actual time=0.002..0.002 rows=1 loops=16052)
                                             Index Cond: (ca_address_sk = customer.c_current_addr_sk)
 Planning Time: 3.369 ms
 Execution Time: 409.027 ms
(47 rows)

