tpcds10g=# explain(costs on, analyze)select  i_brand_id brand_id, i_brand brand, i_manufact_id, i_manufact,
 sum(ss_ext_sales_price) ext_price
 from date_dim, store_sales, item,customer,customer_address,store
 where d_date_sk = ss_sold_date_sk
   and ss_item_sk = i_item_sk
   and i_manager_id=13
   and d_moy=12
   and d_year=2000
   and ss_customer_sk = c_customer_sk 
   and c_current_addr_sk = ca_address_sk
   and substr(ca_zip,1,5) <> substr(s_zip,1,5) 
   and ss_store_sk = s_store_sk 
 group by i_brand
      ,i_brand_id
      ,i_manufact_id
      ,i_manufact
 order by ext_price desc
         ,i_brand
         ,i_brand_id
         ,i_manufact_id
         ,i_manufact
limit 100 ;
                                                                                               QUERY PLAN                                                              
                                  
-----------------------------------------------------------------------------------------------------------------------------------------------------------------------
----------------------------------
 Limit  (cost=666990.17..666990.22 rows=19 width=142) (actual time=293.375..357.679 rows=100 loops=1)
   ->  Sort  (cost=666990.17..666990.22 rows=19 width=142) (actual time=293.373..357.672 rows=100 loops=1)
         Sort Key: (sum(store_sales.ss_ext_sales_price)) DESC, item.i_brand, item.i_brand_id, item.i_manufact_id, item.i_manufact
         Sort Method: top-N heapsort  Memory: 69kB
         ->  Finalize GroupAggregate  (cost=666987.03..666989.77 rows=19 width=142) (actual time=285.018..357.374 rows=900 loops=1)
               Group Key: item.i_brand, item.i_brand_id, item.i_manufact_id, item.i_manufact
               ->  Gather Merge  (cost=666987.03..666989.25 rows=19 width=142) (actual time=285.000..352.793 rows=15242 loops=1)
                     Workers Planned: 2
                     Workers Launched: 2
                     ->  Sort  (cost=665987.01..665987.03 rows=8 width=142) (actual time=273.391..273.580 rows=5081 loops=3)
                           Sort Key: item.i_brand, item.i_brand_id, item.i_manufact_id, item.i_manufact
                           Sort Method: quicksort  Memory: 1482kB
                           Worker 0:  Sort Method: quicksort  Memory: 988kB
                           Worker 1:  Sort Method: quicksort  Memory: 966kB
                           ->  Nested Loop  (cost=665918.00..665986.89 rows=8 width=142) (actual time=252.667..269.719 rows=5081 loops=3)
                                 Join Filter: (substr((customer_address.ca_zip)::text, 1, 5) <> substr((store.s_zip)::text, 1, 5))
                                 Rows Removed by Join Filter: 270
                                 ->  Nested Loop  (cost=665917.85..665985.43 rows=8 width=157) (actual time=252.656..264.755 rows=5413 loops=3)
                                       ->  Partial GroupAggregate  (cost=665917.43..665920.10 rows=82 width=150) (actual time=252.643..255.627 rows=5413 loops=3)
                                             Group Key: item.i_brand_id, item.i_brand, item.i_manufact_id, item.i_manufact, store_sales.ss_store_sk, customer.c_current_addr_sk
                                             ->  Sort  (cost=665917.43..665917.64 rows=82 width=124) (actual time=252.636..252.927 rows=5413 loops=3)
                                                   Sort Key: item.i_brand_id, item.i_brand, item.i_manufact_id, item.i_manufact, store_sales.ss_store_sk, customer.c_current_addr_sk
                                                   Sort Method: quicksort  Memory: 1221kB
                                                   Worker 0:  Sort Method: quicksort  Memory: 827kB
                                                   Worker 1:  Sort Method: quicksort  Memory: 814kB
                                                   ->  Nested Loop  (cost=2080.19..665914.83 rows=82 width=124) (actual time=4.800..247.858 rows=5413 loops=3)
                                                         ->  Parallel Hash Join  (cost=2079.76..665848.78 rows=86 width=124) (actual time=4.764..231.763 rows=5543 loops=3)
                                                               Hash Cond: (store_sales.ss_sold_date_sk = date_dim.d_date_sk)
                                                               ->  Nested Loop  (cost=10.99..663221.29 rows=212829 width=128) (actual time=0.355..219.607 rows=168268 loops=3)
                                                                     ->  Parallel Seq Scan on item  (cost=0.00..7575.25 rows=754 width=114) (actual time=0.081..13.418 rows=606 loops=3)
                                                                           Filter: (i_manager_id = 13)
                                                                           Rows Removed by Filter: 33394
                                                                     ->  Bitmap Heap Scan on store_sales  (cost=10.99..866.09 rows=347 width=22) (actual time=0.035..0.308 rows=278 loops=1819)
                                                                           Recheck Cond: (ss_item_sk = item.i_item_sk)
                                                                           Heap Blocks: exact=230758
                                                                           ->  Bitmap Index Scan on store_sales_pkey  (cost=0.00..10.90 rows=347 width=0) (actual time=0.017..0.017 rows=278 loops=1819)
                                                                                 Index Cond: (ss_item_sk = item.i_item_sk)
                                                               ->  Parallel Hash  (cost=2068.55..2068.55 rows=18 width=4) (actual time=3.874..3.874 rows=10 loops=3)
                                                                     Buckets: 1024  Batches: 1  Memory Usage: 40kB
                                                                     ->  Parallel Seq Scan on date_dim  (cost=0.00..2068.55 rows=18 width=4) (actual time=2.710..3.763 rows=10 loops=3)
                                                                           Filter: ((d_moy = 12) AND (d_year = 2000))
                                                                           Rows Removed by Filter: 24339
                                                         ->  Index Scan using customer_pkey on customer  (cost=0.42..0.77 rows=1 width=8) (actual time=0.003..0.003 rows=1 loops=16629)
                                                               Index Cond: (c_customer_sk = store_sales.ss_customer_sk)
                                       ->  Index Scan using customer_address_pkey on customer_address  (cost=0.42..0.80 rows=1 width=15) (actual time=0.001..0.001 rows=1 loops=16240)
                                             Index Cond: (ca_address_sk = customer.c_current_addr_sk)
                                 ->  Index Scan using store_pkey on store  (cost=0.14..0.16 rows=1 width=15) (actual time=0.000..0.000 rows=1 loops=16240)
                                       Index Cond: (s_store_sk = store_sales.ss_store_sk)
 Planning Time: 5.956 ms
 Execution Time: 357.780 ms
(50 rows)

